<?xml version="1.0" encoding="UTF-8"?>
<!-- Generated by org.testng.reporters.JUnitXMLReporter -->
<testsuite hostname="CR0032" name="Cucumber OM Test" tests="2" failures="0" timestamp="18 May 2016 15:38:27 GMT" time="142.475" errors="0">
  <testcase name="runCukes" time="0.457" classname="com.cucumber.testng.examples.RunCukesByCompositionGrp1_Test3"/>
  <testcase name="runCukes" time="141.995" classname="com.cucumber.testng.examples.RunCukesByCompositionGrp1_Test4"/>
</testsuite> <!-- Cucumber OM Test -->
