<?xml version="1.0" encoding="UTF-8"?>
<!-- Generated by org.testng.reporters.JUnitXMLReporter -->
<testsuite hostname="CR0032" name="Cucumber OM Test chrome" tests="1" failures="0" timestamp="20 Jun 2016 21:52:13 GMT" time="0.031" errors="0">
  <testcase name="@BeforeTest beforetest" time="0.0" classname="com.cucumber.testng.examples.RunCukesByCompositionGrp1_Test3">
    <failure type="java.lang.NullPointerException">
      <![CDATA[java.lang.NullPointerException
	at com.cucumber.testng.examples.BaseTestCase.beforetest(BaseTestCase.java:98)
	at java.util.concurrent.FutureTask.run(Unknown Source)
	at java.util.concurrent.ThreadPoolExecutor.runWorker(Unknown Source)
	at java.util.concurrent.ThreadPoolExecutor$Worker.run(Unknown Source)
	at java.lang.Thread.run(Unknown Source)
... Removed 14 stack frames]]>
    </failure>
  </testcase> <!-- @BeforeTest beforetest -->
  <testcase name="@BeforeClass beforeClass" time="0.002" classname="com.cucumber.testng.examples.RunCukesByCompositionGrp1_Test3">
    <failure type="java.lang.NullPointerException">
      <![CDATA[java.lang.NullPointerException
	at java.util.concurrent.FutureTask.run(Unknown Source)
	at java.util.concurrent.ThreadPoolExecutor.runWorker(Unknown Source)
	at java.util.concurrent.ThreadPoolExecutor$Worker.run(Unknown Source)
	at java.lang.Thread.run(Unknown Source)
... Removed 11 stack frames]]>
    </failure>
  </testcase> <!-- @BeforeClass beforeClass -->
  <testcase name="@BeforeMethod beforeMethod" time="0.0" classname="com.cucumber.testng.examples.RunCukesByCompositionGrp1_Test3">
    <skipped/>
  </testcase> <!-- @BeforeMethod beforeMethod -->
  <testcase name="runCukes" time="0.001" classname="com.cucumber.testng.examples.RunCukesByCompositionGrp1_Test3">
    <skipped/>
  </testcase> <!-- runCukes -->
</testsuite> <!-- Cucumber OM Test chrome -->
