<?xml version="1.0" encoding="UTF-8"?>
<!-- Generated by org.testng.reporters.JUnitXMLReporter -->
<testsuite hostname="CR0032" name="Default test" tests="1" failures="1" timestamp="5 May 2016 22:29:37 GMT" time="34.351" errors="0">
  <testcase name="runCukes" time="34.335" classname="com.cucumber.testng.examples.RunCukesByCompositionGrp1_Test3">
    <failure type="cucumber.runtime.CucumberException" message="java.lang.AssertionError: expected:&amp;lt;Cambridge Associates - Sign In&amp;gt; but was:&amp;lt;Operating Metrics&amp;gt;">
      <![CDATA[cucumber.runtime.CucumberException: java.lang.AssertionError: expected:<Cambridge Associates - Sign In> but was:<Operating Metrics>
	at cucumber.api.testng.TestNGCucumberRunner.runCukes(TestNGCucumberRunner.java:57)
	at com.cucumber.testng.examples.RunCukesByCompositionGrp1_Test3.runCukes(RunCukesByCompositionGrp1_Test3.java:44)
	at sun.reflect.NativeMethodAccessorImpl.invoke0(Native Method)
	at sun.reflect.NativeMethodAccessorImpl.invoke(Unknown Source)
	at sun.reflect.DelegatingMethodAccessorImpl.invoke(Unknown Source)
	at java.lang.reflect.Method.invoke(Unknown Source)
	at org.testng.internal.MethodInvocationHelper.invokeMethod(MethodInvocationHelper.java:85)
	at org.testng.internal.Invoker.invokeMethod(Invoker.java:639)
	at org.testng.internal.Invoker.invokeTestMethod(Invoker.java:816)
	at org.testng.internal.Invoker.invokeTestMethods(Invoker.java:1124)
	at org.testng.internal.TestMethodWorker.invokeTestMethods(TestMethodWorker.java:125)
	at org.testng.internal.TestMethodWorker.run(TestMethodWorker.java:108)
	at org.testng.TestRunner.privateRun(TestRunner.java:774)
	at org.testng.TestRunner.run(TestRunner.java:624)
	at org.testng.SuiteRunner.runTest(SuiteRunner.java:359)
	at org.testng.SuiteRunner.runSequentially(SuiteRunner.java:354)
	at org.testng.SuiteRunner.privateRun(SuiteRunner.java:312)
	at org.testng.SuiteRunner.run(SuiteRunner.java:261)
	at org.testng.SuiteRunnerWorker.runSuite(SuiteRunnerWorker.java:52)
	at org.testng.SuiteRunnerWorker.run(SuiteRunnerWorker.java:86)
	at org.testng.TestNG.runSuitesSequentially(TestNG.java:1191)
	at org.testng.TestNG.runSuitesLocally(TestNG.java:1116)
	at org.testng.TestNG.run(TestNG.java:1024)
	at org.testng.remote.AbstractRemoteTestNG.run(AbstractRemoteTestNG.java:126)
	at org.testng.remote.RemoteTestNG.initAndRun(RemoteTestNG.java:137)
	at org.testng.remote.RemoteTestNG.main(RemoteTestNG.java:58)
Caused by: java.lang.AssertionError: expected:<Cambridge Associates - Sign In> but was:<Operating Metrics>
	at org.testng.AssertJUnit.assertEquals(AssertJUnit.java:101)
	at org.testng.AssertJUnit.assertEquals(AssertJUnit.java:108)
	at com.cucumber.testng.examples.OMLogin.user_shall_be_redirected_to_the_OM_main_page(OMLogin.java:70)
	at ✽.Then user shall be redirected to the OM main page(src/test/resources/com.cucumber.testng.examples/OMmain.feature:9)
]]>
    </failure>
  </testcase> <!-- runCukes -->
</testsuite> <!-- Default test -->
