<?xml version="1.0" encoding="UTF-8"?>
<testng-results skipped="0" failed="1" total="1" passed="0">
  <reporter-output>
  </reporter-output>
  <suite name="Default suite" duration-ms="34351" started-at="2016-05-05T22:29:03Z" finished-at="2016-05-05T22:29:37Z">
    <groups>
      <group name="examples-testng">
        <method signature="RunCukesByCompositionGrp1_Test3.runCukes()[pri:0, instance:com.cucumber.testng.examples.RunCukesByCompositionGrp1_Test3@4b952a2d]" name="runCukes" class="com.cucumber.testng.examples.RunCukesByCompositionGrp1_Test3"/>
      </group> <!-- examples-testng -->
    </groups>
    <test name="Default test" duration-ms="34351" started-at="2016-05-05T22:29:03Z" finished-at="2016-05-05T22:29:37Z">
      <class name="com.cucumber.testng.examples.RunCukesByCompositionGrp1_Test3">
        <test-method status="PASS" signature="beforeSuite()[pri:0, instance:com.cucumber.testng.examples.RunCukesByCompositionGrp1_Test3@4b952a2d]" name="beforeSuite" is-config="true" duration-ms="10" started-at="2016-05-05T16:29:03Z" finished-at="2016-05-05T16:29:03Z">
          <reporter-output>
          </reporter-output>
        </test-method> <!-- beforeSuite -->
        <test-method status="PASS" signature="beforeClass()[pri:0, instance:com.cucumber.testng.examples.RunCukesByCompositionGrp1_Test3@4b952a2d]" name="beforeClass" is-config="true" duration-ms="1" started-at="2016-05-05T16:29:03Z" finished-at="2016-05-05T16:29:03Z">
          <reporter-output>
          </reporter-output>
        </test-method> <!-- beforeClass -->
        <test-method status="PASS" signature="beforeMethod()[pri:0, instance:com.cucumber.testng.examples.RunCukesByCompositionGrp1_Test3@4b952a2d]" name="beforeMethod" is-config="true" duration-ms="2" started-at="2016-05-05T16:29:03Z" finished-at="2016-05-05T16:29:03Z">
          <reporter-output>
          </reporter-output>
        </test-method> <!-- beforeMethod -->
        <test-method status="FAIL" signature="runCukes()[pri:0, instance:com.cucumber.testng.examples.RunCukesByCompositionGrp1_Test3@4b952a2d]" name="runCukes" duration-ms="34335" started-at="2016-05-05T16:29:03Z" description="Example of using TestNGCucumberRunner to invoke Cucumber" finished-at="2016-05-05T16:29:37Z">
          <exception class="cucumber.runtime.CucumberException">
            <message>
              <![CDATA[java.lang.AssertionError: expected:<Cambridge Associates - Sign In> but was:<Operating Metrics>]]>
            </message>
            <full-stacktrace>
              <![CDATA[cucumber.runtime.CucumberException: java.lang.AssertionError: expected:<Cambridge Associates - Sign In> but was:<Operating Metrics>
	at cucumber.api.testng.TestNGCucumberRunner.runCukes(TestNGCucumberRunner.java:57)
	at com.cucumber.testng.examples.RunCukesByCompositionGrp1_Test3.runCukes(RunCukesByCompositionGrp1_Test3.java:44)
	at sun.reflect.NativeMethodAccessorImpl.invoke0(Native Method)
	at sun.reflect.NativeMethodAccessorImpl.invoke(Unknown Source)
	at sun.reflect.DelegatingMethodAccessorImpl.invoke(Unknown Source)
	at java.lang.reflect.Method.invoke(Unknown Source)
	at org.testng.internal.MethodInvocationHelper.invokeMethod(MethodInvocationHelper.java:85)
	at org.testng.internal.Invoker.invokeMethod(Invoker.java:639)
	at org.testng.internal.Invoker.invokeTestMethod(Invoker.java:816)
	at org.testng.internal.Invoker.invokeTestMethods(Invoker.java:1124)
	at org.testng.internal.TestMethodWorker.invokeTestMethods(TestMethodWorker.java:125)
	at org.testng.internal.TestMethodWorker.run(TestMethodWorker.java:108)
	at org.testng.TestRunner.privateRun(TestRunner.java:774)
	at org.testng.TestRunner.run(TestRunner.java:624)
	at org.testng.SuiteRunner.runTest(SuiteRunner.java:359)
	at org.testng.SuiteRunner.runSequentially(SuiteRunner.java:354)
	at org.testng.SuiteRunner.privateRun(SuiteRunner.java:312)
	at org.testng.SuiteRunner.run(SuiteRunner.java:261)
	at org.testng.SuiteRunnerWorker.runSuite(SuiteRunnerWorker.java:52)
	at org.testng.SuiteRunnerWorker.run(SuiteRunnerWorker.java:86)
	at org.testng.TestNG.runSuitesSequentially(TestNG.java:1191)
	at org.testng.TestNG.runSuitesLocally(TestNG.java:1116)
	at org.testng.TestNG.run(TestNG.java:1024)
	at org.testng.remote.AbstractRemoteTestNG.run(AbstractRemoteTestNG.java:126)
	at org.testng.remote.RemoteTestNG.initAndRun(RemoteTestNG.java:137)
	at org.testng.remote.RemoteTestNG.main(RemoteTestNG.java:58)
Caused by: java.lang.AssertionError: expected:<Cambridge Associates - Sign In> but was:<Operating Metrics>
	at org.testng.AssertJUnit.assertEquals(AssertJUnit.java:101)
	at org.testng.AssertJUnit.assertEquals(AssertJUnit.java:108)
	at com.cucumber.testng.examples.OMLogin.user_shall_be_redirected_to_the_OM_main_page(OMLogin.java:70)
	at ✽.Then user shall be redirected to the OM main page(src/test/resources/com.cucumber.testng.examples/OMmain.feature:9)
]]>
            </full-stacktrace>
          </exception> <!-- cucumber.runtime.CucumberException -->
          <reporter-output>
          </reporter-output>
        </test-method> <!-- runCukes -->
        <test-method status="PASS" signature="afterSuite()[pri:0, instance:com.cucumber.testng.examples.RunCukesByCompositionGrp1_Test3@4b952a2d]" name="afterSuite" is-config="true" duration-ms="0" started-at="2016-05-05T16:29:37Z" finished-at="2016-05-05T16:29:37Z">
          <reporter-output>
          </reporter-output>
        </test-method> <!-- afterSuite -->
      </class> <!-- com.cucumber.testng.examples.RunCukesByCompositionGrp1_Test3 -->
    </test> <!-- Default test -->
  </suite> <!-- Default suite -->
</testng-results>
